This is pdfTeX, Version 3.141592653-2.6-1.40.22 (TeX Live 2021) (preloaded format=pdflatex 2023.2.25)  26 FEB 2023 17:31
entering extended mode
 restricted \write18 enabled.
 %&-line parsing enabled.
**rasp-machine.tex
(./rasp-machine.tex
LaTeX2e <2020-10-01> patch level 4
L3 programming layer <2021-05-07>

! LaTeX Error: File `standalone.cls' not found.

Type X to quit or <RETURN> to proceed,
or enter new name. (Default extension: cls)

Enter file name: rasp-machine

! LaTeX Error: File `rasp-machine.cls' not found.

Type X to quit or <RETURN> to proceed,
or enter new name. (Default extension: cls)

Enter file name: ^^[[A^^[[B^^F
! Interruption.
<to be read again> 
                   }
l.2 ^^M
       
? 
! Emergency stop.
<to be read again> 
                   }
l.2 ^^M
       
End of file on the terminal!

 
Here is how much of TeX's memory you used:
 25 strings out of 480806
 549 string characters out of 5905151
 281494 words of memory out of 6000000
 17504 multiletter control sequences out of 15000+600000
 403430 words of font info for 27 fonts, out of 8000000 for 9000
 14 hyphenation exceptions out of 8191
 22i,0n,30p,111b,14s stack positions out of 5000i,500n,10000p,200000b,80000s
!  ==> Fatal error occurred, no output PDF file produced!
